
**** Build of configuration Debug for project temperatura ****

"C:\\ti\\ccs1110\\ccs\\utils\\bin\\gmake" -k -j 8 all -O 
 
Building file: "../main.c"
Invoking: MSP430 Compiler
"C:/ti/ccs1110/ccs/tools/compiler/ti-cgt-msp430_21.6.0.LTS/bin/cl430" -vmspx --data_model=restricted --use_hw_mpy=F5 --include_path="C:/ti/ccs1110/ccs/ccs_base/msp430/include" --include_path="C:/Users/giova/OneDrive/Desktop/es python/parte ccs/temperatura" --include_path="C:/ti/ccs1110/ccs/tools/compiler/ti-cgt-msp430_21.6.0.LTS/include" --advice:power=all --define=__MSP430F5529__ -g --printf_support=minimal --diag_warning=225 --diag_wrap=off --display_error_number --silicon_errata=CPU21 --silicon_errata=CPU22 --silicon_errata=CPU23 --silicon_errata=CPU40 --preproc_with_compile --preproc_dependency="main.d_raw"  "../main.c"
 
>> Compilation failure
subdir_rules.mk:9: recipe for target 'main.obj' failed
"../main.c", line 2: error #20: identifier "Esercizio" is undefined
"../main.c", line 2: error #66: expected a ";"
"../main.c", line 4: error #7: unrecognized token
"../main.c", line 7: error #19: extra text after expected end of number
"C:\ti\ccs1110\ccs\ccs_base\msp430\include\msp430f5529.h", line 74: warning #12-D: parsing restarts here after previous syntax error
"C:\ti\ccs1110\ccs\ccs_base\msp430\include\msp430f5529.h", line 953: error #20: identifier "__SFR_FARPTR" is undefined
"C:\ti\ccs1110\ccs\ccs_base\msp430\include\msp430f5529.h", line 956: error #20: identifier "__SFR_FARPTR" is undefined
"C:\ti\ccs1110\ccs\ccs_base\msp430\include\msp430f5529.h", line 962: error #20: identifier "__SFR_FARPTR" is undefined
"C:\ti\ccs1110\ccs\ccs_base\msp430\include\msp430f5529.h", line 965: error #20: identifier "__SFR_FARPTR" is undefined
"C:\ti\ccs1110\ccs\ccs_base\msp430\include\msp430f5529.h", line 971: error #20: identifier "__SFR_FARPTR" is undefined
"C:\ti\ccs1110\ccs\ccs_base\msp430\include\msp430f5529.h", line 974: error #20: identifier "__SFR_FARPTR" is undefined
"../main.c", line 18: fatal error #1965: cannot open source file "timer.h"
10 errors and 1 catastrophic error detected in the compilation of "../main.c".
Compilation terminated.
gmake: *** [main.obj] Error 1
gmake: Target 'all' not remade because of errors.

**** Build Finished ****

**** Build of configuration Debug for project temperatura ****

"C:\\ti\\ccs1110\\ccs\\utils\\bin\\gmake" -k -j 8 all -O 
 
Building file: "../main.c"
Invoking: MSP430 Compiler
"C:/ti/ccs1110/ccs/tools/compiler/ti-cgt-msp430_21.6.0.LTS/bin/cl430" -vmspx --data_model=restricted --use_hw_mpy=F5 --include_path="C:/ti/ccs1110/ccs/ccs_base/msp430/include" --include_path="C:/Users/giova/OneDrive/Desktop/es python/parte ccs/temperatura" --include_path="C:/ti/ccs1110/ccs/tools/compiler/ti-cgt-msp430_21.6.0.LTS/include" --advice:power=all --define=__MSP430F5529__ -g --printf_support=minimal --diag_warning=225 --diag_wrap=off --display_error_number --silicon_errata=CPU21 --silicon_errata=CPU22 --silicon_errata=CPU23 --silicon_errata=CPU40 --preproc_with_compile --preproc_dependency="main.d_raw"  "../main.c"
 
>> Compilation failure
subdir_rules.mk:9: recipe for target 'main.obj' failed
"../main.c", line 3: fatal error #1965: cannot open source file "timer.h"
1 catastrophic error detected in the compilation of "../main.c".
Compilation terminated.
gmake: *** [main.obj] Error 1
gmake: Target 'all' not remade because of errors.

**** Build Finished ****

**** Build of configuration Debug for project temperatura ****

"C:\\ti\\ccs1110\\ccs\\utils\\bin\\gmake" -k -j 8 all -O 
 
Building file: "../main.c"
Invoking: MSP430 Compiler
"C:/ti/ccs1110/ccs/tools/compiler/ti-cgt-msp430_21.6.0.LTS/bin/cl430" -vmspx --data_model=restricted --use_hw_mpy=F5 --include_path="C:/ti/ccs1110/ccs/ccs_base/msp430/include" --include_path="C:/Users/giova/OneDrive/Desktop/es python/parte ccs/temperatura" --include_path="C:/ti/ccs1110/ccs/tools/compiler/ti-cgt-msp430_21.6.0.LTS/include" --advice:power=all --define=__MSP430F5529__ -g --printf_support=minimal --diag_warning=225 --diag_wrap=off --display_error_number --silicon_errata=CPU21 --silicon_errata=CPU22 --silicon_errata=CPU23 --silicon_errata=CPU40 --preproc_with_compile --preproc_dependency="main.d_raw"  "../main.c"
 
>> Compilation failure
subdir_rules.mk:9: recipe for target 'main.obj' failed
"../main.c", line 27: warning #225-D: function "i2c_init" declared implicitly
"../main.c", line 28: warning #225-D: function "ssd1306_init" declared implicitly
"../main.c", line 32: remark #1528-D: (ULP 3.1) Detected flag polling using ADC12BUSY. Recommend using an interrupt combined with enter LPMx and ISR
"../main.c", line 39: remark #1530-D: (ULP 5.1) Detected divide operation(s). Recommend moving them to RAM during run time or not using as these are processing/power intensive
"../main.c", line 47: remark #1532-D: (ULP 5.3) Detected sprintf() operation(s). Recommend moving them to RAM during run time or not using as these are processing/power intensive
"../main.c", line 49: remark #2553-D: (ULP 14.1) Array index (involving "c") of type "int". Recommend using "unsigned int"
"../main.c", line 51: remark #2553-D: (ULP 14.1) Array index (involving "c") of type "int". Recommend using "unsigned int"
"../main.c", line 61: warning #225-D: function "fillDisplay" declared implicitly
"../main.c", line 61: error #20: identifier "FILL_BLACK" is undefined
"../main.c", line 72: error #66: expected a ";"
"../main.c", line 73: remark #1528-D: (ULP 3.1) Detected flag polling using ADC12BUSY. Recommend using an interrupt combined with enter LPMx and ISR
"../main.c", line 68: remark #1530-D: (ULP 5.1) Detected modulo operation(s). Recommend moving them to RAM during run time or not using as these are processing/power intensive
2 errors detected in the compilation of "../main.c".
gmake: *** [main.obj] Error 1
Building file: "../circular_buffer.c"
Invoking: MSP430 Compiler
"C:/ti/ccs1110/ccs/tools/compiler/ti-cgt-msp430_21.6.0.LTS/bin/cl430" -vmspx --data_model=restricted --use_hw_mpy=F5 --include_path="C:/ti/ccs1110/ccs/ccs_base/msp430/include" --include_path="C:/Users/giova/OneDrive/Desktop/es python/parte ccs/temperatura" --include_path="C:/ti/ccs1110/ccs/tools/compiler/ti-cgt-msp430_21.6.0.LTS/include" --advice:power=all --define=__MSP430F5529__ -g --printf_support=minimal --diag_warning=225 --diag_wrap=off --display_error_number --silicon_errata=CPU21 --silicon_errata=CPU22 --silicon_errata=CPU23 --silicon_errata=CPU40 --preproc_with_compile --preproc_dependency="circular_buffer.d_raw"  "../circular_buffer.c"
"../circular_buffer.c", line 45: remark #2553-D: (ULP 14.1) Array index (involving "cb") of type "int". Recommend using "unsigned int"
"../circular_buffer.c", line 55: remark #2553-D: (ULP 14.1) Array index (involving "cb") of type "int". Recommend using "unsigned int"
Finished building: "../circular_buffer.c"
 
Building file: "../serial.c"
Invoking: MSP430 Compiler
"C:/ti/ccs1110/ccs/tools/compiler/ti-cgt-msp430_21.6.0.LTS/bin/cl430" -vmspx --data_model=restricted --use_hw_mpy=F5 --include_path="C:/ti/ccs1110/ccs/ccs_base/msp430/include" --include_path="C:/Users/giova/OneDrive/Desktop/es python/parte ccs/temperatura" --include_path="C:/ti/ccs1110/ccs/tools/compiler/ti-cgt-msp430_21.6.0.LTS/include" --advice:power=all --define=__MSP430F5529__ -g --printf_support=minimal --diag_warning=225 --diag_wrap=off --display_error_number --silicon_errata=CPU21 --silicon_errata=CPU22 --silicon_errata=CPU23 --silicon_errata=CPU40 --preproc_with_compile --preproc_dependency="serial.d_raw"  "../serial.c"
"../serial.c", line 9: remark #1535-D: (ULP 8.1) variable "buffers_dim" is used as a constant. Recommend declaring variable as either 'static const' or 'const'
"../serial.c", line 44: remark #1538-D: (ULP 10.1) ISR usci_a1_irq calls function cbWrite. Recommend moving function call away from ISR, or inlining the function, or using pragmas
"../serial.c", line 48: remark #1538-D: (ULP 10.1) ISR usci_a1_irq calls function cbRead. Recommend moving function call away from ISR, or inlining the function, or using pragmas
"../serial.c", line 49: remark #1538-D: (ULP 10.1) ISR usci_a1_irq calls function cbIsEmpty. Recommend moving function call away from ISR, or inlining the function, or using pragmas
Finished building: "../serial.c"
 
Building file: "../timer.c"
Invoking: MSP430 Compiler
"C:/ti/ccs1110/ccs/tools/compiler/ti-cgt-msp430_21.6.0.LTS/bin/cl430" -vmspx --data_model=restricted --use_hw_mpy=F5 --include_path="C:/ti/ccs1110/ccs/ccs_base/msp430/include" --include_path="C:/Users/giova/OneDrive/Desktop/es python/parte ccs/temperatura" --include_path="C:/ti/ccs1110/ccs/tools/compiler/ti-cgt-msp430_21.6.0.LTS/include" --advice:power=all --define=__MSP430F5529__ -g --printf_support=minimal --diag_warning=225 --diag_wrap=off --display_error_number --silicon_errata=CPU21 --silicon_errata=CPU22 --silicon_errata=CPU23 --silicon_errata=CPU40 --preproc_with_compile --preproc_dependency="timer.d_raw"  "../timer.c"
Finished building: "../timer.c"
 
gmake: Target 'all' not remade because of errors.

**** Build Finished ****

**** Build of configuration Debug for project temperatura ****

"C:\\ti\\ccs1110\\ccs\\utils\\bin\\gmake" -k -j 8 all -O 
 
Building file: "../main.c"
Invoking: MSP430 Compiler
"C:/ti/ccs1110/ccs/tools/compiler/ti-cgt-msp430_21.6.0.LTS/bin/cl430" -vmspx --data_model=restricted --use_hw_mpy=F5 --include_path="C:/ti/ccs1110/ccs/ccs_base/msp430/include" --include_path="C:/Users/giova/OneDrive/Desktop/es python/parte ccs/temperatura" --include_path="C:/ti/ccs1110/ccs/tools/compiler/ti-cgt-msp430_21.6.0.LTS/include" --advice:power=all --define=__MSP430F5529__ -g --printf_support=minimal --diag_warning=225 --diag_wrap=off --display_error_number --silicon_errata=CPU21 --silicon_errata=CPU22 --silicon_errata=CPU23 --silicon_errata=CPU40 --preproc_with_compile --preproc_dependency="main.d_raw"  "../main.c"
 
>> Compilation failure
subdir_rules.mk:9: recipe for target 'main.obj' failed
"../main.c", line 27: warning #225-D: function "i2c_init" declared implicitly
"../main.c", line 28: warning #225-D: function "ssd1306_init" declared implicitly
"../main.c", line 32: remark #1528-D: (ULP 3.1) Detected flag polling using ADC12BUSY. Recommend using an interrupt combined with enter LPMx and ISR
"../main.c", line 39: remark #1530-D: (ULP 5.1) Detected divide operation(s). Recommend moving them to RAM during run time or not using as these are processing/power intensive
"../main.c", line 47: remark #1532-D: (ULP 5.3) Detected sprintf() operation(s). Recommend moving them to RAM during run time or not using as these are processing/power intensive
"../main.c", line 49: remark #2553-D: (ULP 14.1) Array index (involving "c") of type "int". Recommend using "unsigned int"
"../main.c", line 51: remark #2553-D: (ULP 14.1) Array index (involving "c") of type "int". Recommend using "unsigned int"
"../main.c", line 61: warning #225-D: function "fillDisplay" declared implicitly
"../main.c", line 61: error #20: identifier "FILL_BLACK" is undefined
"../main.c", line 72: error #66: expected a ";"
"../main.c", line 73: remark #1528-D: (ULP 3.1) Detected flag polling using ADC12BUSY. Recommend using an interrupt combined with enter LPMx and ISR
"../main.c", line 68: remark #1530-D: (ULP 5.1) Detected modulo operation(s). Recommend moving them to RAM during run time or not using as these are processing/power intensive
2 errors detected in the compilation of "../main.c".
gmake: *** [main.obj] Error 1
gmake: Target 'all' not remade because of errors.

**** Build Finished ****

**** Build of configuration Debug for project temperatura ****

"C:\\ti\\ccs1110\\ccs\\utils\\bin\\gmake" -k -j 8 all -O 
 
Building file: "../main.c"
Invoking: MSP430 Compiler
"C:/ti/ccs1110/ccs/tools/compiler/ti-cgt-msp430_21.6.0.LTS/bin/cl430" -vmspx --data_model=restricted --use_hw_mpy=F5 --include_path="C:/ti/ccs1110/ccs/ccs_base/msp430/include" --include_path="C:/Users/giova/OneDrive/Desktop/es python/parte ccs/temperatura" --include_path="C:/ti/ccs1110/ccs/tools/compiler/ti-cgt-msp430_21.6.0.LTS/include" --advice:power=all --define=__MSP430F5529__ -g --printf_support=minimal --diag_warning=225 --diag_wrap=off --display_error_number --silicon_errata=CPU21 --silicon_errata=CPU22 --silicon_errata=CPU23 --silicon_errata=CPU40 --preproc_with_compile --preproc_dependency="main.d_raw"  "../main.c"
 
>> Compilation failure
subdir_rules.mk:9: recipe for target 'main.obj' failed
"../main.c", line 27: warning #225-D: function "i2c_init" declared implicitly
"../main.c", line 28: warning #225-D: function "ssd1306_init" declared implicitly
"../main.c", line 32: remark #1528-D: (ULP 3.1) Detected flag polling using ADC12BUSY. Recommend using an interrupt combined with enter LPMx and ISR
"../main.c", line 39: remark #1530-D: (ULP 5.1) Detected divide operation(s). Recommend moving them to RAM during run time or not using as these are processing/power intensive
"../main.c", line 47: remark #1532-D: (ULP 5.3) Detected sprintf() operation(s). Recommend moving them to RAM during run time or not using as these are processing/power intensive
"../main.c", line 49: remark #2553-D: (ULP 14.1) Array index (involving "c") of type "int". Recommend using "unsigned int"
"../main.c", line 51: remark #2553-D: (ULP 14.1) Array index (involving "c") of type "int". Recommend using "unsigned int"
"../main.c", line 71: error #66: expected a ";"
"../main.c", line 72: remark #1528-D: (ULP 3.1) Detected flag polling using ADC12BUSY. Recommend using an interrupt combined with enter LPMx and ISR
"../main.c", line 67: remark #1530-D: (ULP 5.1) Detected modulo operation(s). Recommend moving them to RAM during run time or not using as these are processing/power intensive
1 error detected in the compilation of "../main.c".
gmake: *** [main.obj] Error 1
gmake: Target 'all' not remade because of errors.

**** Build Finished ****

**** Build of configuration Debug for project temperatura ****

"C:\\ti\\ccs1110\\ccs\\utils\\bin\\gmake" -k -j 8 all -O 
 
Building file: "../main.c"
Invoking: MSP430 Compiler
"C:/ti/ccs1110/ccs/tools/compiler/ti-cgt-msp430_21.6.0.LTS/bin/cl430" -vmspx --data_model=restricted --use_hw_mpy=F5 --include_path="C:/ti/ccs1110/ccs/ccs_base/msp430/include" --include_path="C:/Users/giova/OneDrive/Desktop/es python/parte ccs/temperatura" --include_path="C:/ti/ccs1110/ccs/tools/compiler/ti-cgt-msp430_21.6.0.LTS/include" --advice:power=all --define=__MSP430F5529__ -g --printf_support=minimal --diag_warning=225 --diag_wrap=off --display_error_number --silicon_errata=CPU21 --silicon_errata=CPU22 --silicon_errata=CPU23 --silicon_errata=CPU40 --preproc_with_compile --preproc_dependency="main.d_raw"  "../main.c"
"../main.c", line 27: warning #225-D: function "i2c_init" declared implicitly
"../main.c", line 28: warning #225-D: function "ssd1306_init" declared implicitly
"../main.c", line 32: remark #1528-D: (ULP 3.1) Detected flag polling using ADC12BUSY. Recommend using an interrupt combined with enter LPMx and ISR
"../main.c", line 39: remark #1530-D: (ULP 5.1) Detected divide operation(s). Recommend moving them to RAM during run time or not using as these are processing/power intensive
"../main.c", line 47: remark #1532-D: (ULP 5.3) Detected sprintf() operation(s). Recommend moving them to RAM during run time or not using as these are processing/power intensive
"../main.c", line 49: remark #2553-D: (ULP 14.1) Array index (involving "c") of type "int". Recommend using "unsigned int"
"../main.c", line 51: remark #2553-D: (ULP 14.1) Array index (involving "c") of type "int". Recommend using "unsigned int"
"../main.c", line 72: remark #1528-D: (ULP 3.1) Detected flag polling using ADC12BUSY. Recommend using an interrupt combined with enter LPMx and ISR
"../main.c", line 67: remark #1530-D: (ULP 5.1) Detected modulo operation(s). Recommend moving them to RAM during run time or not using as these are processing/power intensive
"../main.c", line 36 (col. 7): remark #1531-D: (ULP 5.2) Detected floating point operation(s). Recommend moving them to RAM during run time or not using as these are processing/power intensive
"../main.c", line 39 (col. 56): remark #1531-D: (ULP 5.2) Detected floating point operation(s). Recommend moving them to RAM during run time or not using as these are processing/power intensive
"../main.c", line 38 (col. 12): remark #1531-D: (ULP 5.2) Detected floating point operation(s). Recommend moving them to RAM during run time or not using as these are processing/power intensive
"../main.c", line 65 (col. 33): remark #1531-D: (ULP 5.2) Detected floating point operation(s). Recommend moving them to RAM during run time or not using as these are processing/power intensive
"../main.c", line 66 (col. 26): remark #1531-D: (ULP 5.2) Detected floating point operation(s). Recommend moving them to RAM during run time or not using as these are processing/power intensive
"../main.c", line 67 (col. 26): remark #1531-D: (ULP 5.2) Detected floating point operation(s). Recommend moving them to RAM during run time or not using as these are processing/power intensive
Finished building: "../main.c"
 
Building target: "temperatura.out"
Invoking: MSP430 Linker
"C:/ti/ccs1110/ccs/tools/compiler/ti-cgt-msp430_21.6.0.LTS/bin/cl430" -vmspx --data_model=restricted --use_hw_mpy=F5 --advice:power=all --define=__MSP430F5529__ -g --printf_support=minimal --diag_warning=225 --diag_wrap=off --display_error_number --silicon_errata=CPU21 --silicon_errata=CPU22 --silicon_errata=CPU23 --silicon_errata=CPU40 -z -m"temperatura.map" --heap_size=160 --stack_size=160 --cinit_hold_wdt=on -i"C:/ti/ccs1110/ccs/ccs_base/msp430/include" -i"C:/ti/ccs1110/ccs/ccs_base/msp430/lib/5xx_6xx_FRxx" -i"C:/ti/ccs1110/ccs/tools/compiler/ti-cgt-msp430_21.6.0.LTS/lib" -i"C:/ti/ccs1110/ccs/tools/compiler/ti-cgt-msp430_21.6.0.LTS/include" --reread_libs --diag_wrap=off --display_error_number --warn_sections --xml_link_info="temperatura_linkInfo.xml" --use_hw_mpy=F5 --rom_model -o "temperatura.out" "./circular_buffer.obj" "./main.obj" "./serial.obj" "./timer.obj" "../lnk_msp430f5529.cmd"  -llibmath.a -llibc.a 
<Linking>
 
 undefined    first referenced
  symbol          in file     
 ---------    ----------------
 i2c_init     ./main.obj      
 ssd1306_init ./main.obj      
 
error #10234-D: unresolved symbols remain
remark #10371-D: (ULP 1.1) Detected no uses of low power mode state changing instructions
error #10010: errors encountered during linking; "temperatura.out" not built
remark #10372-D: (ULP 4.1) Detected uninitialized Port A in this project. Recommend initializing all unused ports to eliminate wasted current consumption on unused pins.
remark #10372-D: (ULP 4.1) Detected uninitialized Port B in this project. Recommend initializing all unused ports to eliminate wasted current consumption on unused pins.
remark #10372-D: (ULP 4.1) Detected uninitialized Port C in this project. Recommend initializing all unused ports to eliminate wasted current consumption on unused pins.
remark #10372-D: (ULP 4.1) Detected uninitialized Port D in this project. Recommend initializing all unused ports to eliminate wasted current consumption on unused pins.
 
>> Compilation failure
makefile:145: recipe for target 'temperatura.out' failed
gmake[1]: *** [temperatura.out] Error 1
makefile:141: recipe for target 'all' failed
gmake: *** [all] Error 2

**** Build Finished ****

**** Build of configuration Debug for project temperatura ****

"C:\\ti\\ccs1110\\ccs\\utils\\bin\\gmake" -k -j 8 all -O 
 
Building file: "../main.c"
Invoking: MSP430 Compiler
"C:/ti/ccs1110/ccs/tools/compiler/ti-cgt-msp430_21.6.0.LTS/bin/cl430" -vmspx --data_model=restricted --use_hw_mpy=F5 --include_path="C:/ti/ccs1110/ccs/ccs_base/msp430/include" --include_path="C:/Users/giova/OneDrive/Desktop/es python/parte ccs/temperatura" --include_path="C:/ti/ccs1110/ccs/tools/compiler/ti-cgt-msp430_21.6.0.LTS/include" --advice:power=all --define=__MSP430F5529__ -g --printf_support=minimal --diag_warning=225 --diag_wrap=off --display_error_number --silicon_errata=CPU21 --silicon_errata=CPU22 --silicon_errata=CPU23 --silicon_errata=CPU40 --preproc_with_compile --preproc_dependency="main.d_raw"  "../main.c"
"../main.c", line 30: remark #1528-D: (ULP 3.1) Detected flag polling using ADC12BUSY. Recommend using an interrupt combined with enter LPMx and ISR
"../main.c", line 37: remark #1530-D: (ULP 5.1) Detected divide operation(s). Recommend moving them to RAM during run time or not using as these are processing/power intensive
"../main.c", line 45: remark #1532-D: (ULP 5.3) Detected sprintf() operation(s). Recommend moving them to RAM during run time or not using as these are processing/power intensive
"../main.c", line 47: remark #2553-D: (ULP 14.1) Array index (involving "c") of type "int". Recommend using "unsigned int"
"../main.c", line 49: remark #2553-D: (ULP 14.1) Array index (involving "c") of type "int". Recommend using "unsigned int"
"../main.c", line 70: remark #1528-D: (ULP 3.1) Detected flag polling using ADC12BUSY. Recommend using an interrupt combined with enter LPMx and ISR
"../main.c", line 65: remark #1530-D: (ULP 5.1) Detected modulo operation(s). Recommend moving them to RAM during run time or not using as these are processing/power intensive
"../main.c", line 34 (col. 7): remark #1531-D: (ULP 5.2) Detected floating point operation(s). Recommend moving them to RAM during run time or not using as these are processing/power intensive
"../main.c", line 37 (col. 56): remark #1531-D: (ULP 5.2) Detected floating point operation(s). Recommend moving them to RAM during run time or not using as these are processing/power intensive
"../main.c", line 36 (col. 12): remark #1531-D: (ULP 5.2) Detected floating point operation(s). Recommend moving them to RAM during run time or not using as these are processing/power intensive
"../main.c", line 63 (col. 33): remark #1531-D: (ULP 5.2) Detected floating point operation(s). Recommend moving them to RAM during run time or not using as these are processing/power intensive
"../main.c", line 64 (col. 26): remark #1531-D: (ULP 5.2) Detected floating point operation(s). Recommend moving them to RAM during run time or not using as these are processing/power intensive
"../main.c", line 65 (col. 26): remark #1531-D: (ULP 5.2) Detected floating point operation(s). Recommend moving them to RAM during run time or not using as these are processing/power intensive
Finished building: "../main.c"
 
Building target: "temperatura.out"
Invoking: MSP430 Linker
"C:/ti/ccs1110/ccs/tools/compiler/ti-cgt-msp430_21.6.0.LTS/bin/cl430" -vmspx --data_model=restricted --use_hw_mpy=F5 --advice:power=all --define=__MSP430F5529__ -g --printf_support=minimal --diag_warning=225 --diag_wrap=off --display_error_number --silicon_errata=CPU21 --silicon_errata=CPU22 --silicon_errata=CPU23 --silicon_errata=CPU40 -z -m"temperatura.map" --heap_size=160 --stack_size=160 --cinit_hold_wdt=on -i"C:/ti/ccs1110/ccs/ccs_base/msp430/include" -i"C:/ti/ccs1110/ccs/ccs_base/msp430/lib/5xx_6xx_FRxx" -i"C:/ti/ccs1110/ccs/tools/compiler/ti-cgt-msp430_21.6.0.LTS/lib" -i"C:/ti/ccs1110/ccs/tools/compiler/ti-cgt-msp430_21.6.0.LTS/include" --reread_libs --diag_wrap=off --display_error_number --warn_sections --xml_link_info="temperatura_linkInfo.xml" --use_hw_mpy=F5 --rom_model -o "temperatura.out" "./circular_buffer.obj" "./main.obj" "./serial.obj" "./timer.obj" "../lnk_msp430f5529.cmd"  -llibmath.a -llibc.a 
<Linking>
remark #10371-D: (ULP 1.1) Detected no uses of low power mode state changing instructions
remark #10372-D: (ULP 4.1) Detected uninitialized Port A in this project. Recommend initializing all unused ports to eliminate wasted current consumption on unused pins.
remark #10372-D: (ULP 4.1) Detected uninitialized Port B in this project. Recommend initializing all unused ports to eliminate wasted current consumption on unused pins.
remark #10372-D: (ULP 4.1) Detected uninitialized Port C in this project. Recommend initializing all unused ports to eliminate wasted current consumption on unused pins.
remark #10372-D: (ULP 4.1) Detected uninitialized Port D in this project. Recommend initializing all unused ports to eliminate wasted current consumption on unused pins.
Finished building target: "temperatura.out"
 

**** Build Finished ****

**** Build of configuration Debug for project temperatura ****

"C:\\ti\\ccs1110\\ccs\\utils\\bin\\gmake" -k -j 8 all -O 
 
gmake[1]: 'temperatura.out' is up to date.

**** Build Finished ****

**** Build of configuration Debug for project temperatura ****

"C:\\ti\\ccs1110\\ccs\\utils\\bin\\gmake" -k -j 8 all -O 
 
gmake[1]: 'temperatura.out' is up to date.

**** Build Finished ****
